<?xml version="1.0" encoding="UTF-8"?>
<!-- Generated by org.testng.reporters.JUnitReportReporter -->
<testsuite hostname="DESKTOP-3AR7E08" failures="0" tests="5" name="com.testCases.TC001_AccountRegisterationTest" time="37.068" errors="0" timestamp="2025-01-16T15:21:21 EST" skipped="0">
  <testcase classname="com.testCases.TC001_AccountRegisterationTest" name="verifyRegistrationWithMandatoryDetails" time="8.607"/>
  <testcase classname="com.testCases.TC001_AccountRegisterationTest" name="verifyRegisterWithAllDetails" time="8.166"/>
  <testcase classname="com.testCases.TC001_AccountRegisterationTest" name="verifyRegistrationWithExistingEmail" time="6.764"/>
  <testcase classname="com.testCases.TC001_AccountRegisterationTest" name="verifyRegisterWithIncorrectConfirmPassword" time="5.822"/>
  <testcase classname="com.testCases.TC001_AccountRegisterationTest" name="verifyRegisterWithNoDetails" time="7.709"/>
</testsuite> <!-- com.testCases.TC001_AccountRegisterationTest -->
