<?xml version="1.0" encoding="UTF-8"?>
<!-- Generated by org.testng.reporters.JUnitReportReporter -->
<testsuite hostname="DESKTOP-3AR7E08" failures="0" tests="5" name="com.testCases.TC003_LoginWithDDT" time="43.669" errors="0" timestamp="2025-01-14T17:02:33 EST" skipped="0">
  <testcase classname="com.testCases.TC003_LoginWithDDT" name="verifyLoginwithDDT" time="8.526"/>
  <testcase classname="com.testCases.TC003_LoginWithDDT" name="verifyLoginwithDDT" time="9.052"/>
  <testcase classname="com.testCases.TC003_LoginWithDDT" name="verifyLoginwithDDT" time="6.767"/>
  <testcase classname="com.testCases.TC003_LoginWithDDT" name="verifyLoginwithDDT" time="8.083"/>
  <testcase classname="com.testCases.TC003_LoginWithDDT" name="verifyLoginwithDDT" time="11.241"/>
</testsuite> <!-- com.testCases.TC003_LoginWithDDT -->
