<?xml version="1.0" encoding="UTF-8"?>
<!-- Generated by org.testng.reporters.JUnitReportReporter -->
<testsuite hostname="DESKTOP-3AR7E08" failures="0" tests="5" name="com.testCases.TC002_LoginTest" time="43.845" errors="0" timestamp="2025-01-14T17:02:33 EST" skipped="0">
  <testcase classname="com.testCases.TC002_LoginTest" name="verifyLoginwithValidCredentials" time="8.569"/>
  <testcase classname="com.testCases.TC002_LoginTest" name="verifyLoginwithValidEmailInvalidPasword" time="6.139"/>
  <testcase classname="com.testCases.TC002_LoginTest" name="verifyLoginwitInvalidEmailValidPasword" time="9.019"/>
  <testcase classname="com.testCases.TC002_LoginTest" name="verifyLoginwithInvalidCredentials" time="9.875"/>
  <testcase classname="com.testCases.TC002_LoginTest" name="verifyLoginwithNoCredentials" time="10.243"/>
</testsuite> <!-- com.testCases.TC002_LoginTest -->
