<?xml version="1.0" encoding="UTF-8"?>
<!-- Generated by org.testng.reporters.JUnitReportReporter -->
<testsuite hostname="DESKTOP-3AR7E08" failures="0" tests="2" name="com.testCases.TC004_SearchProductTest" time="14.812" errors="0" timestamp="2025-01-16T15:21:21 EST" skipped="0">
  <testcase classname="com.testCases.TC004_SearchProductTest" name="searchWithValidProduct" time="7.651"/>
  <testcase classname="com.testCases.TC004_SearchProductTest" name="searchWithNoProduct" time="7.161"/>
</testsuite> <!-- com.testCases.TC004_SearchProductTest -->
