<?xml version="1.0" encoding="UTF-8"?>
<!-- Generated by org.testng.reporters.JUnitReportReporter -->
<testsuite hostname="DESKTOP-3AR7E08" failures="0" tests="5" name="com.testCases.TC003_LoginWithDDT" time="42.254" errors="0" timestamp="2025-01-16T15:21:21 EST" skipped="0">
  <testcase classname="com.testCases.TC003_LoginWithDDT" name="verifyLoginwithDDT" time="6.811"/>
  <testcase classname="com.testCases.TC003_LoginWithDDT" name="verifyLoginwithDDT" time="10.039"/>
  <testcase classname="com.testCases.TC003_LoginWithDDT" name="verifyLoginwithDDT" time="8.682"/>
  <testcase classname="com.testCases.TC003_LoginWithDDT" name="verifyLoginwithDDT" time="8.265"/>
  <testcase classname="com.testCases.TC003_LoginWithDDT" name="verifyLoginwithDDT" time="8.457"/>
</testsuite> <!-- com.testCases.TC003_LoginWithDDT -->
