<?xml version="1.0" encoding="UTF-8"?>
<!-- Generated by org.testng.reporters.JUnitReportReporter -->
<testsuite hostname="DESKTOP-3AR7E08" failures="0" tests="3" name="com.testCases.TC004_SearchProductTest" time="20.427" errors="0" timestamp="2025-01-14T17:02:33 EST" skipped="0">
  <testcase classname="com.testCases.TC004_SearchProductTest" name="searchWithValidProduct" time="7.503"/>
  <testcase classname="com.testCases.TC004_SearchProductTest" name="searchWithInvalidProduct" time="7.405"/>
  <testcase classname="com.testCases.TC004_SearchProductTest" name="searchWithNoProduct" time="5.519"/>
</testsuite> <!-- com.testCases.TC004_SearchProductTest -->
