<?xml version="1.0" encoding="UTF-8"?>
<!-- Generated by org.testng.reporters.JUnitReportReporter -->
<testsuite hostname="DESKTOP-3AR7E08" failures="0" tests="1" name="com.testCases.TC005_ShoppingCartPage" time="12.298" errors="0" timestamp="2025-01-14T17:02:33 EST" skipped="0">
  <testcase classname="com.testCases.TC005_ShoppingCartPage" name="shoppnigcartTast" time="12.298"/>
</testsuite> <!-- com.testCases.TC005_ShoppingCartPage -->
