<?xml version="1.0" encoding="UTF-8"?>
<!-- Generated by org.testng.reporters.JUnitReportReporter -->
<testsuite hostname="DESKTOP-3AR7E08" failures="0" tests="2" name="com.testCases.TC002_LoginTest" time="16.524" errors="0" timestamp="2025-01-16T15:21:21 EST" skipped="0">
  <testcase classname="com.testCases.TC002_LoginTest" name="verifyLoginwithValidCredentials" time="7.577"/>
  <testcase classname="com.testCases.TC002_LoginTest" name="verifyLoginwithValidEmailInvalidPasword" time="8.947"/>
</testsuite> <!-- com.testCases.TC002_LoginTest -->
